<?xml version="1.0" encoding="ISO-8859-1"?>
<Policy version="0.1" type="value" model="model.pomdpx" xmlns:xsi="http://www.w3.org/2001/XMLSchema-instance" xsi:noNamespaceSchemaLocation="policyx.xsd">
<AlphaVector vectorLength="37" numObsValue="1" numVectors="21">
<Vector action="2" obsValue="0">13.5375 14.25 15 13.5375 14.25 15 13.5375 14.25 15 13.5375 14.25 15 13.5375 14.25 15 13.5375 14.25 15 13.5375 14.25 15 13.5375 14.25 15 13.5375 14.25 15 13.5375 14.25 15 13.5375 14.25 15 13.5375 14.25 15 0 </Vector>
<Vector action="1" obsValue="0">12.2176 12.696 13.5148 12.2072 12.8452 13.5123 12.2072 12.8452 13.5123 12.2176 13.1571 13.5148 12.2072 12.8452 13.5123 12.2072 12.8452 13.5123 29.6567 3.35726 12.8833 11.6171 12.233 12.8859 11.6171 12.233 12.8859 29.6567 29.9711 12.8833 11.6171 12.233 12.8859 11.6171 12.233 12.8859 0 </Vector>
<Vector action="1" obsValue="0">2.71759 3.36062 13.5375 12.2176 12.8606 13.5375 12.2176 12.8606 13.5375 2.71759 31.8606 13.5375 12.2176 12.8606 13.5375 12.2176 12.8606 13.5375 31.2176 3.36062 13.5375 12.2176 12.8606 13.5375 12.2176 12.8606 13.5375 31.2176 31.8606 13.5375 12.2176 12.8606 13.5375 12.2176 12.8606 13.5375 0 </Vector>
<Vector action="0" obsValue="0">12.8606 13.5375 14.25 2.86062 3.5375 14.25 12.8606 13.5375 14.25 12.8606 13.5375 14.25 2.86062 33.5375 14.25 12.8606 13.5375 14.25 12.8606 13.5375 14.25 32.8606 3.5375 14.25 12.8606 13.5375 14.25 12.8606 13.5375 14.25 32.8606 33.5375 14.25 12.8606 13.5375 14.25 0 </Vector>
<Vector action="5" obsValue="0">12.8452 13.526 14.233 12.6879 13.5375 14.2379 12.8452 13.526 14.233 12.233 12.8722 13.5545 2.89035 31.8606 13.5496 12.233 12.8722 13.5545 12.8452 13.526 14.233 13.1733 13.5375 14.2379 12.8452 13.526 14.233 12.233 12.8722 13.5545 30.9049 31.8606 13.5496 12.233 12.8722 13.5545 0 </Vector>
<Vector action="2" obsValue="0">12.8497 13.5213 15 12.8606 13.526 15 12.8497 13.5213 15 12.2285 12.8768 15 30.2676 12.8722 15 12.2285 12.8768 15 12.8497 13.5213 15 12.8606 13.526 15 12.8497 13.5213 15 12.2285 12.8768 15 30.2676 12.8722 15 12.2285 12.8768 15 0 </Vector>
<Vector action="5" obsValue="0">11.377 11.8995 12.8396 11.587 12.203 12.8371 11.583 12.1926 12.8372 16.7985 29.3548 12.8601 10.5034 11.0403 12.8602 10.5111 11.0601 12.8601 28.1955 3.17888 12.254 11.0359 11.6213 12.2521 11.0358 11.6208 12.2564 43.6222 29.6268 12.8458 10.4938 11.0403 12.8501 10.4976 11.0502 12.8458 0 </Vector>
<Vector action="1" obsValue="0">2.10671 2.70719 13.5375 11.5968 12.203 13.5375 11.5968 12.203 13.5375 17.8165 31.2072 13.5375 11.0363 11.6213 13.5375 11.0363 11.6213 13.5375 30.6067 2.70719 13.5375 11.5968 12.203 13.5375 11.5968 12.203 13.5375 46.3165 31.2072 13.5375 11.0363 11.6213 13.5375 11.0363 11.6213 13.5375 0 </Vector>
<Vector action="6" obsValue="0">12.207 12.8449 14.2234 3.19259 12.6877 14.2261 12.207 12.8449 14.2234 12.1975 12.831 14.2234 30.2676 13.1731 14.2261 12.1975 12.831 14.2234 11.6074 12.2187 13.5641 30.6067 2.88012 13.5614 11.6074 12.2187 13.5641 11.0564 11.651 13.5641 46.3165 30.8947 13.5614 11.0564 11.651 13.5641 0 </Vector>
<Vector action="1" obsValue="0">3.03296 12.0533 13.5148 11.5967 12.2027 13.5123 11.5967 12.2027 13.5123 28.7542 12.5144 13.5148 11.5876 12.1894 13.5123 11.5876 12.1894 13.5123 29.0764 2.73611 12.8833 11.027 11.6078 12.8859 11.027 11.6078 12.8859 44.0007 29.35 12.8833 10.5036 11.0684 12.8859 10.5036 11.0684 12.8859 0 </Vector>
<Vector action="5" obsValue="0">11.398 12.0508 12.8391 11.587 12.203 12.8366 11.583 12.1926 12.8366 26.9408 11.8991 12.8391 11.0182 11.58 12.8366 11.0223 11.5906 12.8366 28.1607 3.17934 12.2391 11.0267 11.6213 12.2416 11.0229 11.6112 12.2416 41.4748 27.8925 12.2391 9.9964 10.515 12.2416 10.0037 10.5338 12.2416 0 </Vector>
<Vector action="1" obsValue="0">12.2176 12.8497 14.25 12.2072 12.8452 14.25 12.2072 12.8452 14.25 28.7542 12.2285 14.25 11.6171 12.233 14.25 11.6171 12.233 14.25 12.2176 12.8497 14.25 12.2072 12.8452 14.25 12.2072 12.8452 14.25 28.7542 12.2285 14.25 11.6171 12.233 14.25 11.6171 12.233 14.25 0 </Vector>
<Vector action="0" obsValue="0">12.2072 12.8452 14.25 2.21759 2.84967 14.25 12.2072 12.8452 14.25 11.6171 12.233 14.25 18.7542 32.8497 14.25 11.6171 12.233 14.25 12.2072 12.8452 14.25 32.2176 2.84967 14.25 12.2072 12.8452 14.25 11.6171 12.233 14.25 48.7542 32.8497 14.25 11.6171 12.233 14.25 0 </Vector>
<Vector action="6" obsValue="0">12.8497 13.5213 14.2234 12.8606 13.3642 14.2261 12.8497 13.5213 14.2234 12.8497 13.5213 14.2234 12.8606 13.8496 14.2261 12.8497 13.5213 14.2234 12.2285 12.8768 13.5641 31.2176 3.53396 13.5614 12.2285 12.8768 13.5641 12.2285 12.8768 13.5641 31.2176 31.5485 13.5614 12.2285 12.8768 13.5641 0 </Vector>
<Vector action="6" obsValue="0">12.1968 12.8299 14.2234 12.2176 12.6769 14.2261 12.1968 12.8299 14.2234 11.6072 12.2183 14.2234 28.7542 12.5518 14.2261 11.6072 12.2183 14.2234 11.6072 12.2183 13.5641 30.6067 2.87993 13.5614 11.6072 12.2183 13.5641 11.0462 11.636 13.5641 46.3165 30.8839 13.5614 11.0462 11.636 13.5641 0 </Vector>
<Vector action="6" obsValue="0">12.6856 13.2901 14.1982 12.8606 13.515 14.2035 12.8393 13.5059 14.1982 12.6856 13.9376 14.1982 12.8606 13.515 14.2035 12.8393 13.5059 14.1982 29.3706 3.44 12.9124 11.6067 12.2401 12.9071 11.6281 12.2492 12.9124 29.3706 29.8675 12.9124 11.6067 12.2401 12.9071 11.6281 12.2492 12.9124 0 </Vector>
<Vector action="2" obsValue="0">12.8606 13.5375 15 3.36062 13.5375 15 12.8606 13.5375 15 12.8606 13.5375 15 31.8606 13.5375 15 12.8606 13.5375 15 12.8606 13.5375 15 3.36062 13.5375 15 12.8606 13.5375 15 12.8606 13.5375 15 31.8606 13.5375 15 12.8606 13.5375 15 0 </Vector>
<Vector action="1" obsValue="0">3.19259 12.8606 14.25 12.2176 12.8606 14.25 12.2176 12.8606 14.25 30.2676 12.8606 14.25 12.2176 12.8606 14.25 12.2176 12.8606 14.25 3.19259 12.8606 14.25 12.2176 12.8606 14.25 12.2176 12.8606 14.25 30.2676 12.8606 14.25 12.2176 12.8606 14.25 12.2176 12.8606 14.25 0 </Vector>
<Vector action="5" obsValue="0">12.6148 13.3613 14.2168 12.8393 13.5375 14.2263 12.8306 13.515 14.2168 2.82754 29.9826 12.8939 11.6281 12.2176 12.8843 11.6367 12.2401 12.8939 13.2623 13.3613 14.2168 12.8393 13.5375 14.2263 12.8306 13.515 14.2168 29.255 29.9826 12.8939 11.6281 12.2176 12.8843 11.6367 12.2401 12.8939 0 </Vector>
<Vector action="2" obsValue="0">12.6932 13.5059 15 12.8606 13.515 15 12.8393 13.5059 15 28.4835 12.2492 15 11.6067 12.2401 15 11.6281 12.2492 15 12.6932 13.5059 15 12.8606 13.515 15 12.8393 13.5059 15 28.4835 12.2492 15 11.6067 12.2401 15 11.6281 12.2492 15 0 </Vector>
<Vector action="1" obsValue="0">11.6067 12.0431 13.5148 11.587 12.1884 13.5123 11.587 12.1884 13.5123 27.3165 11.9242 13.5148 11.0269 11.6074 13.5123 11.0269 11.6074 13.5123 29.0764 2.73594 12.8833 11.0269 11.6074 12.8859 11.0269 11.6074 12.8859 44.0007 29.3398 12.8833 10.4938 11.0542 12.8859 10.4938 11.0542 12.8859 0 </Vector>
</AlphaVector> </Policy>
